<?xml version="1.0" encoding="UTF-8"?>
<!-- Generated by org.testng.reporters.JUnitReportReporter -->
<testsuite hostname="LENOVO-PC" failures="0" tests="1" name="practice.ParameterTest" time="24.314" errors="0" timestamp="2022-03-23T13:12:50 IST" skipped="0">
  <testcase classname="practice.ParameterTest" name="myCredentials" time="24.314"/>
  <system-out/>
</testsuite> <!-- practice.ParameterTest -->
