<?xml version="1.0" encoding="UTF-8"?>
<!-- Generated by org.testng.reporters.JUnitReportReporter -->
<testsuite hostname="LENOVO-PC" failures="0" tests="1" name="practice.CreateProductTest" time="0.010" errors="0" timestamp="2022-03-23T09:03:22 IST" skipped="0">
  <testcase classname="practice.CreateProductTest" name="createNewProduct" time="0.010"/>
  <system-out/>
</testsuite> <!-- practice.CreateProductTest -->
