<?xml version="1.0" encoding="UTF-8"?>
<!-- Generated by org.testng.reporters.JUnitReportReporter -->
<testsuite hostname="LENOVO-PC" failures="0" tests="1" name="com.crm.Vtiger.CreateNewLeadsTest" time="0.018" errors="0" timestamp="2022-03-22T18:53:27 IST" skipped="0">
  <testcase classname="com.crm.Vtiger.CreateNewLeadsTest" name="createNewLeads" time="0.018"/>
  <system-out/>
</testsuite> <!-- com.crm.Vtiger.CreateNewLeadsTest -->
