<?xml version="1.0" encoding="UTF-8"?>
<!-- Generated by org.testng.reporters.JUnitReportReporter -->
<testsuite hostname="LENOVO-PC" failures="0" tests="1" name="practice.CreateNewContactsTest" time="0.012" errors="0" timestamp="2022-03-23T09:34:59 IST" skipped="0">
  <testcase classname="practice.CreateNewContactsTest" name="createNewContacts" time="0.012"/>
  <system-out/>
</testsuite> <!-- practice.CreateNewContactsTest -->
