<?xml version="1.0" encoding="UTF-8"?>
<!-- Generated by org.testng.reporters.JUnitReportReporter -->
<testsuite hostname="LENOVO-PC" failures="0" tests="1" name="practice.CreateNewLeadsTest" time="0.016" errors="0" timestamp="2022-03-22T22:05:49 IST" skipped="0">
  <testcase classname="practice.CreateNewLeadsTest" name="createNewLeads" time="0.016"/>
  <system-out/>
</testsuite> <!-- practice.CreateNewLeadsTest -->
