<?xml version="1.0" encoding="UTF-8"?>
<!-- Generated by org.testng.reporters.JUnitReportReporter -->
<testsuite hostname="LENOVO-PC" failures="0" tests="1" name="practice.ParameterTest" time="39.175" errors="0" timestamp="2022-03-23T17:43:31 IST" skipped="0">
  <testcase classname="practice.ParameterTest" name="myCredentials" time="39.175"/>
  <system-out/>
</testsuite> <!-- practice.ParameterTest -->
